
Thanks for using JUnit! Support its development at https://junit.org/sponsoring

╷
├─ JUnit Jupiter ✔
│  ├─ TestLinearDepreciationPolicy ✔
│  │  ├─ calculateValue1() ✔
│  │  └─ calculateValue2() ✔
│  ├─ TestDateRange ✔
│  │  ├─ testToYears1() ✔
│  │  └─ testToYears3() ✔
│  └─ TestDoubleDecliningPolicy ✔
│     ├─ calculateValue1() ✔
│     └─ calculateValue2() ✔
└─ JUnit Vintage ✔

Test run finished after 93 ms
[         5 containers found      ]
[         0 containers skipped    ]
[         5 containers started    ]
[         0 containers aborted    ]
[         5 containers successful ]
[         0 containers failed     ]
[         6 tests found           ]
[         0 tests skipped         ]
[         6 tests started         ]
[         0 tests aborted         ]
[         6 tests successful      ]
[         0 tests failed          ]

